<?xml version="1.0" encoding="UTF-8"?>
<!-- Generated by org.testng.reporters.JUnitReportReporter -->
<testsuite hostname="Darshana" failures="0" tests="1" name="assignment.Task" time="227.631" errors="0" timestamp="08 Jul 2024 15:37:05 GMT" skipped="0">
  <testcase classname="assignment.Task" name="Login" time="227.631"/>
</testsuite> <!-- assignment.Task -->
